20:32:20.050 [main] INFO  testCases.TC001_AccountRegistrationTest  -   Clicked on Register link 
20:32:23.687 [main] INFO  testCases.TC001_AccountRegistrationTest  -   Providing customer details 
20:32:25.291 [main] INFO  testCases.TC001_AccountRegistrationTest  -   Validating expected message 
20:32:25.357 [main] INFO  testCases.TC001_AccountRegistrationTest  -   ***** Finished TC001_AccountRegistrationTest  ***** 
20:32:27.519 [main] INFO  testCases.TC002_LoginTest  -   ***** Starting TC002_LoginTest  ***** 
20:32:30.525 [main] INFO  testCases.TC002_LoginTest  -   Clicked on My Account link 
20:33:07.410 [main] INFO  testCases.TC001_AccountRegistrationTest  -   ***** Starting TC001_AccountRegistrationTest  ***** 
20:33:11.467 [main] INFO  testCases.TC001_AccountRegistrationTest  -   Clicked on My Account link 
20:33:14.657 [main] INFO  testCases.TC001_AccountRegistrationTest  -   Clicked on Register link 
20:33:18.264 [main] INFO  testCases.TC001_AccountRegistrationTest  -   Providing customer details 
20:33:20.319 [main] INFO  testCases.TC001_AccountRegistrationTest  -   Validating expected message 
20:33:20.378 [main] INFO  testCases.TC001_AccountRegistrationTest  -   ***** Finished TC001_AccountRegistrationTest  ***** 
20:38:44.302 [main] INFO  testCases.TC001_AccountRegistrationTest  -   ***** Starting TC001_AccountRegistrationTest  ***** 
20:38:48.361 [main] INFO  testCases.TC001_AccountRegistrationTest  -   Clicked on My Account link 
20:38:51.513 [main] INFO  testCases.TC001_AccountRegistrationTest  -   Clicked on Register link 
20:38:55.095 [main] INFO  testCases.TC001_AccountRegistrationTest  -   Providing customer details 
20:38:56.867 [main] INFO  testCases.TC001_AccountRegistrationTest  -   Validating expected message 
20:38:56.935 [main] INFO  testCases.TC001_AccountRegistrationTest  -   ***** Finished TC001_AccountRegistrationTest  ***** 
20:44:21.318 [main] INFO  testCases.TC001_AccountRegistrationTest  -   ***** Starting TC001_AccountRegistrationTest  ***** 
20:44:25.404 [main] INFO  testCases.TC001_AccountRegistrationTest  -   Clicked on My Account link 
20:44:28.694 [main] INFO  testCases.TC001_AccountRegistrationTest  -   Clicked on Register link 
20:44:32.494 [main] INFO  testCases.TC001_AccountRegistrationTest  -   Providing customer details 
20:44:33.901 [main] INFO  testCases.TC001_AccountRegistrationTest  -   Validating expected message 
20:44:33.946 [main] INFO  testCases.TC001_AccountRegistrationTest  -   ***** Finished TC001_AccountRegistrationTest  ***** 
20:50:43.237 [main] INFO  testCases.TC002_LoginTest  -   ***** Starting TC002_LoginTest  ***** 
20:50:46.320 [main] INFO  testCases.TC002_LoginTest  -   Clicked on My Account link 
20:50:49.687 [main] INFO  testCases.TC002_LoginTest  -   Clicked on Login link 
20:54:33.143 [main] INFO  testCases.TC002_LoginTest  -   ***** Starting TC002_LoginTest  ***** 
20:54:36.175 [main] INFO  testCases.TC002_LoginTest  -   Clicked on My Account link 
20:54:39.288 [main] INFO  testCases.TC002_LoginTest  -   Clicked on Login link 
20:54:46.824 [main] INFO  testCases.TC002_LoginTest  -   ***** Finsihed TC002_LoginTest  ***** 
20:58:03.151 [main] INFO  testCases.TC002_LoginTest  -   ***** Starting TC002_LoginTest  ***** 
20:58:06.225 [main] INFO  testCases.TC002_LoginTest  -   Clicked on My Account link 
20:58:09.407 [main] INFO  testCases.TC002_LoginTest  -   Clicked on Login link 
20:58:16.406 [main] INFO  testCases.TC002_LoginTest  -   ***** Finsihed TC002_LoginTest  ***** 
21:05:04.236 [main] INFO  testCases.TC001_AccountRegistrationTest  -   ***** Starting TC001_AccountRegistrationTest  ***** 
21:05:08.291 [main] INFO  testCases.TC001_AccountRegistrationTest  -   Clicked on My Account link 
21:05:11.431 [main] INFO  testCases.TC001_AccountRegistrationTest  -   Clicked on Register link 
21:05:15.153 [main] INFO  testCases.TC001_AccountRegistrationTest  -   Providing customer details 
21:05:16.767 [main] INFO  testCases.TC001_AccountRegistrationTest  -   Validating expected message 
21:05:16.833 [main] INFO  testCases.TC001_AccountRegistrationTest  -   ***** Finished TC001_AccountRegistrationTest  ***** 
21:33:26.371 [main] INFO  testCases.TC001_AccountRegistrationTest  -   ***** Starting TC001_AccountRegistrationTest  ***** 
21:33:30.518 [main] INFO  testCases.TC001_AccountRegistrationTest  -   Clicked on My Account link 
21:33:33.833 [main] INFO  testCases.TC001_AccountRegistrationTest  -   Clicked on Register link 
21:33:37.777 [main] INFO  testCases.TC001_AccountRegistrationTest  -   Providing customer details 
21:33:39.562 [main] INFO  testCases.TC001_AccountRegistrationTest  -   Validating expected message 
21:33:39.648 [main] INFO  testCases.TC001_AccountRegistrationTest  -   ***** Finished TC001_AccountRegistrationTest  ***** 
21:19:21.536 [main] INFO  testCases.TC002_LoginTest  -   ***** Starting TC002_LoginTest  ***** 
21:19:24.660 [main] INFO  testCases.TC002_LoginTest  -   Clicked on My Account link 
