19:15:46.473 [main] INFO  testCases.TC001_AccountRegistrationTest  -   ***** Starting TC001_AccountRegistrationTest  ***** 
19:15:50.600 [main] INFO  testCases.TC001_AccountRegistrationTest  -   Clicked on My Account link 
19:15:51.241 [main] INFO  testCases.TC001_AccountRegistrationTest  -   Clicked on Register link 
19:15:51.244 [main] INFO  testCases.TC001_AccountRegistrationTest  -   Providing customer details 
19:15:52.358 [main] INFO  testCases.TC001_AccountRegistrationTest  -   Validating expected message 
19:15:52.388 [main] ERROR testCases.TC001_AccountRegistrationTest  -  Test failed 
19:15:52.388 [main] DEBUG testCases.TC001_AccountRegistrationTest  -  Debug logs... 
20:46:47.758 [main] INFO  testCases.TC001_AccountRegistrationTest  -   ***** Starting TC001_AccountRegistrationTest  ***** 
20:47:48.705 [main] INFO  testCases.TC001_AccountRegistrationTest  -   ***** Starting TC001_AccountRegistrationTest  ***** 
20:47:52.834 [main] INFO  testCases.TC001_AccountRegistrationTest  -   Clicked on My Account link 
20:47:53.492 [main] INFO  testCases.TC001_AccountRegistrationTest  -   Clicked on Register link 
20:47:53.528 [main] INFO  testCases.TC001_AccountRegistrationTest  -   Providing customer details 
20:47:54.661 [main] INFO  testCases.TC001_AccountRegistrationTest  -   Validating expected message 
20:47:54.703 [main] INFO  testCases.TC001_AccountRegistrationTest  -   ***** Finished TC001_AccountRegistrationTest  ***** 
20:48:30.587 [main] INFO  testCases.TC001_AccountRegistrationTest  -   ***** Starting TC001_AccountRegistrationTest  ***** 
20:48:34.697 [main] INFO  testCases.TC001_AccountRegistrationTest  -   Clicked on My Account link 
20:48:35.217 [main] INFO  testCases.TC001_AccountRegistrationTest  -   Clicked on Register link 
20:48:35.220 [main] INFO  testCases.TC001_AccountRegistrationTest  -   Providing customer details 
20:48:36.262 [main] INFO  testCases.TC001_AccountRegistrationTest  -   Validating expected message 
20:48:36.300 [main] INFO  testCases.TC001_AccountRegistrationTest  -   ***** Finished TC001_AccountRegistrationTest  ***** 
20:48:48.704 [main] INFO  testCases.TC001_AccountRegistrationTest  -   ***** Starting TC001_AccountRegistrationTest  ***** 
20:54:23.618 [main] INFO  testCases.TC001_AccountRegistrationTest  -   ***** Starting TC001_AccountRegistrationTest  ***** 
20:54:27.748 [main] INFO  testCases.TC001_AccountRegistrationTest  -   Clicked on My Account link 
20:54:28.364 [main] INFO  testCases.TC001_AccountRegistrationTest  -   Clicked on Register link 
20:54:28.368 [main] INFO  testCases.TC001_AccountRegistrationTest  -   Providing customer details 
20:54:29.573 [main] INFO  testCases.TC001_AccountRegistrationTest  -   Validating expected message 
20:54:29.608 [main] INFO  testCases.TC001_AccountRegistrationTest  -   ***** Finished TC001_AccountRegistrationTest  ***** 
20:54:33.691 [main] INFO  testCases.TC001_AccountRegistrationTest  -   ***** Starting TC001_AccountRegistrationTest  ***** 
20:54:37.802 [main] INFO  testCases.TC001_AccountRegistrationTest  -   Clicked on My Account link 
20:54:38.391 [main] INFO  testCases.TC001_AccountRegistrationTest  -   Clicked on Register link 
20:54:38.391 [main] INFO  testCases.TC001_AccountRegistrationTest  -   Providing customer details 
20:54:39.509 [main] INFO  testCases.TC001_AccountRegistrationTest  -   Validating expected message 
20:54:39.549 [main] INFO  testCases.TC001_AccountRegistrationTest  -   ***** Finished TC001_AccountRegistrationTest  ***** 
20:55:14.833 [TestNG-tests-1] INFO  testCases.TC001_AccountRegistrationTest  -   ***** Starting TC001_AccountRegistrationTest  ***** 
20:55:17.355 [TestNG-tests-2] INFO  testCases.TC001_AccountRegistrationTest  -   ***** Starting TC001_AccountRegistrationTest  ***** 
20:55:19.123 [TestNG-tests-1] INFO  testCases.TC001_AccountRegistrationTest  -   Clicked on My Account link 
20:55:19.931 [TestNG-tests-1] INFO  testCases.TC001_AccountRegistrationTest  -   Clicked on Register link 
20:55:19.969 [TestNG-tests-1] INFO  testCases.TC001_AccountRegistrationTest  -   Providing customer details 
20:55:20.574 [TestNG-tests-3] INFO  testCases.TC001_AccountRegistrationTest  -   ***** Starting TC001_AccountRegistrationTest  ***** 
20:55:21.598 [TestNG-tests-2] INFO  testCases.TC001_AccountRegistrationTest  -   Clicked on My Account link 
20:55:22.375 [TestNG-tests-2] INFO  testCases.TC001_AccountRegistrationTest  -   Clicked on Register link 
20:55:22.376 [TestNG-tests-2] INFO  testCases.TC001_AccountRegistrationTest  -   Providing customer details 
20:55:23.084 [TestNG-tests-1] INFO  testCases.TC001_AccountRegistrationTest  -   Validating expected message 
20:55:23.183 [TestNG-tests-1] INFO  testCases.TC001_AccountRegistrationTest  -   ***** Finished TC001_AccountRegistrationTest  ***** 
20:55:24.242 [TestNG-tests-2] INFO  testCases.TC001_AccountRegistrationTest  -   Validating expected message 
20:55:24.288 [TestNG-tests-2] INFO  testCases.TC001_AccountRegistrationTest  -   ***** Finished TC001_AccountRegistrationTest  ***** 
